<?xml version="1.0" encoding="UTF-8" ?>
<<<<<<< HEAD
<testsuite tests="3" failures="0" name="com.fdmgroup.icms.models.DataConnectivityTest" time="0.771" errors="0" skipped="0">
=======
<testsuite tests="3" failures="0" name="com.fdmgroup.icms.models.DataConnectivityTest" time="1.888" errors="0" skipped="0">
>>>>>>> c74490b76f11e84cf7079b96b7e9f874ec3a65ba
  <properties>
    <property name="java.runtime.name" value="Java(TM) SE Runtime Environment"/>
    <property name="sun.boot.library.path" value="C:\Program Files\Java\jdk1.8.0_60\jre\bin"/>
    <property name="java.vm.version" value="25.60-b23"/>
    <property name="java.vm.vendor" value="Oracle Corporation"/>
    <property name="java.vendor.url" value="http://java.oracle.com/"/>
    <property name="path.separator" value=";"/>
    <property name="guice.disable.misplaced.annotation.check" value="true"/>
    <property name="java.vm.name" value="Java HotSpot(TM) 64-Bit Server VM"/>
    <property name="file.encoding.pkg" value="sun.io"/>
    <property name="user.script" value=""/>
    <property name="user.country" value="GB"/>
    <property name="sun.java.launcher" value="SUN_STANDARD"/>
    <property name="sun.os.patch.level" value="Service Pack 1"/>
    <property name="java.vm.specification.name" value="Java Virtual Machine Specification"/>
<<<<<<< HEAD
    <property name="user.dir" value="C:\Users\Harley.Halley\JavaEclipseWorkspace\icms"/>
=======
    <property name="user.dir" value="C:\Users\kalea.wolff\JavaEclipseWorkspace\icms"/>
>>>>>>> c74490b76f11e84cf7079b96b7e9f874ec3a65ba
    <property name="java.runtime.version" value="1.8.0_60-b27"/>
    <property name="java.awt.graphicsenv" value="sun.awt.Win32GraphicsEnvironment"/>
    <property name="java.endorsed.dirs" value="C:\Program Files\Java\jdk1.8.0_60\jre\lib\endorsed"/>
    <property name="os.arch" value="amd64"/>
<<<<<<< HEAD
    <property name="java.io.tmpdir" value="C:\Users\HARLEY~1.HAL\AppData\Local\Temp\"/>
=======
    <property name="java.io.tmpdir" value="C:\Users\KALEA~1.WOL\AppData\Local\Temp\"/>
>>>>>>> c74490b76f11e84cf7079b96b7e9f874ec3a65ba
    <property name="line.separator" value="
"/>
    <property name="java.vm.specification.vendor" value="Oracle Corporation"/>
    <property name="user.variant" value=""/>
    <property name="os.name" value="Windows 7"/>
<<<<<<< HEAD
    <property name="classworlds.conf" value="C:\Users\Harley.Halley\JavaEclipseWorkspace\.metadata\.plugins\org.eclipse.m2e.launching\launches\m2conf9071621880658898864.tmp"/>
    <property name="sun.jnu.encoding" value="Cp1252"/>
    <property name="java.library.path" value="C:\Program Files\Java\jdk1.8.0_60\bin;C:\Windows\Sun\Java\bin;C:\Windows\system32;C:\Windows;C:\Program Files (x86)\Common Files\Oracle\Java\javapath;C:\Program Files (x86)\MSBuild\12.0\Bin\;C:\Users\Harley.Halley\Documents\OracleBase\product\12.1.0\client_1;C:\Users\Harley.Halley\Documents\OracleBase\product\12.1.0\client_1\bin;C:\oraclexe\app\oracle\product\11.2.0\server\bin;C:\ProgramData\Oracle\Java\javapath;C:\Windows;C:\Windows\system32;C:\Windows\System32\Wbem;C:\WINDOWS\system32\WindowsPowerShell\v1.0;C:\Program Files\IBM\Client Access\Emulator;C:\Program Files\IBM\Client Access\Shared;C:\Program Files\IBM\Client Access\;C:\oraclexe\app\oracle\product\11.2.0\server\bin;C:\Program Files\Microsoft SQL Server\120\Tools\Binn\;C:\Program Files\Microsoft SQL Server\120\DTS\Binn\;c:\Program Files\Microsoft ASP.NET\ASP.NET Web Pages\v2.0\;C:\Program Files\TortoiseSVN\bin;C:\apache-maven-3.2.5\bin;C:\apache-tomcat-7.0.64\bin;C:\apache-tomcat-8.0.26\bin;C:\Program Files\Java\jdk1.8.0_60;%JAVAHOME%\bin;C:\Program Files (x86)\GtkSharp\2.12\bin;C:\Program Files\SlikSvn\bin;C:\Program Files\Git\cmd;C:\Program Files (x86)\Microsoft SQL Server\120\Tools\Binn\ManagementStudio\;C:\Program Files (x86)\Microsoft SQL Server\120\Tools\Binn\;C:\Program Files (x86)\Microsoft Visual Studio 12.0\Common7\IDE\PrivateAssemblies\;C:\Program Files (x86)\Microsoft SQL Server\120\DTS\Binn\;."/>
=======
    <property name="classworlds.conf" value="C:\Users\kalea.wolff\JavaEclipseWorkspace\.metadata\.plugins\org.eclipse.m2e.launching\launches\m2conf7737787168414810167.tmp"/>
    <property name="sun.jnu.encoding" value="Cp1252"/>
    <property name="java.library.path" value="C:\Program Files\Java\jdk1.8.0_60\bin;C:\Windows\Sun\Java\bin;C:\Windows\system32;C:\Windows;C:\Program Files (x86)\Common Files\Oracle\Java\javapath;C:\Program Files (x86)\MSBuild\12.0\Bin\;C:\Windows\system32\config\systemprofile\Documents\OracleBase\product\12.1.0\client_1;C:\Windows\system32\config\systemprofile\Documents\OracleBase\product\12.1.0\client_1\bin;C:\oraclexe\app\oracle\product\11.2.0\server\bin;C:\ProgramData\Oracle\Java\javapath;C:\Windows;C:\Windows\system32;C:\Windows\System32\Wbem;C:\WINDOWS\system32\WindowsPowerShell\v1.0;C:\Program Files\IBM\Client Access\Emulator;C:\Program Files\IBM\Client Access\Shared;C:\Program Files\IBM\Client Access\;C:\oraclexe\app\oracle\product\11.2.0\server\bin;C:\Program Files\Microsoft SQL Server\120\Tools\Binn\;C:\Program Files\Microsoft SQL Server\120\DTS\Binn\;c:\Program Files\Microsoft ASP.NET\ASP.NET Web Pages\v2.0\;C:\Program Files\TortoiseSVN\bin;C:\apache-maven-3.2.5\bin;C:\apache-tomcat-7.0.64\bin;C:\apache-tomcat-8.0.26\bin;C:\Program Files\Java\jdk1.8.0_60;%JAVAHOME%\bin;C:\Program Files (x86)\GtkSharp\2.12\bin;C:\Program Files\SlikSvn\bin;C:\Program Files\Git\cmd;C:\Program Files (x86)\Microsoft SQL Server\120\Tools\Binn\ManagementStudio\;C:\Program Files (x86)\Microsoft SQL Server\120\Tools\Binn\;C:\Program Files (x86)\Microsoft Visual Studio 12.0\Common7\IDE\PrivateAssemblies\;C:\Program Files (x86)\Microsoft SQL Server\120\DTS\Binn\;."/>
>>>>>>> c74490b76f11e84cf7079b96b7e9f874ec3a65ba
    <property name="java.specification.name" value="Java Platform API Specification"/>
    <property name="java.class.version" value="52.0"/>
    <property name="sun.management.compiler" value="HotSpot 64-Bit Tiered Compilers"/>
    <property name="os.version" value="6.1"/>
<<<<<<< HEAD
    <property name="user.home" value="C:\Users\Harley.Halley"/>
=======
    <property name="user.home" value="C:\Users\kalea.wolff"/>
>>>>>>> c74490b76f11e84cf7079b96b7e9f874ec3a65ba
    <property name="user.timezone" value="America/New_York"/>
    <property name="java.awt.printerjob" value="sun.awt.windows.WPrinterJob"/>
    <property name="java.specification.version" value="1.8"/>
    <property name="file.encoding" value="Cp1252"/>
<<<<<<< HEAD
    <property name="user.name" value="harley.halley"/>
=======
    <property name="user.name" value="kalea.wolff"/>
>>>>>>> c74490b76f11e84cf7079b96b7e9f874ec3a65ba
    <property name="java.class.path" value="C:\apache-maven-3.2.5\boot\plexus-classworlds-2.5.2.jar"/>
    <property name="java.vm.specification.version" value="1.8"/>
    <property name="sun.arch.data.model" value="64"/>
    <property name="java.home" value="C:\Program Files\Java\jdk1.8.0_60\jre"/>
    <property name="sun.java.command" value="org.codehaus.plexus.classworlds.launcher.Launcher -B -e clean tomcat7:redeploy"/>
    <property name="java.specification.vendor" value="Oracle Corporation"/>
    <property name="user.language" value="en"/>
    <property name="awt.toolkit" value="sun.awt.windows.WToolkit"/>
    <property name="java.vm.info" value="mixed mode"/>
    <property name="java.version" value="1.8.0_60"/>
    <property name="java.ext.dirs" value="C:\Program Files\Java\jdk1.8.0_60\jre\lib\ext;C:\Windows\Sun\Java\lib\ext"/>
    <property name="sun.boot.class.path" value="C:\Program Files\Java\jdk1.8.0_60\jre\lib\resources.jar;C:\Program Files\Java\jdk1.8.0_60\jre\lib\rt.jar;C:\Program Files\Java\jdk1.8.0_60\jre\lib\sunrsasign.jar;C:\Program Files\Java\jdk1.8.0_60\jre\lib\jsse.jar;C:\Program Files\Java\jdk1.8.0_60\jre\lib\jce.jar;C:\Program Files\Java\jdk1.8.0_60\jre\lib\charsets.jar;C:\Program Files\Java\jdk1.8.0_60\jre\lib\jfr.jar;C:\Program Files\Java\jdk1.8.0_60\jre\classes"/>
    <property name="java.vendor" value="Oracle Corporation"/>
    <property name="maven.home" value="C:\apache-maven-3.2.5"/>
    <property name="file.separator" value="\"/>
    <property name="java.vendor.url.bug" value="http://bugreport.sun.com/bugreport/"/>
    <property name="sun.cpu.endian" value="little"/>
    <property name="sun.io.unicode.encoding" value="UnicodeLittle"/>
    <property name="sun.desktop" value="windows"/>
    <property name="sun.cpu.isalist" value="amd64"/>
  </properties>
<<<<<<< HEAD
  <testcase classname="com.fdmgroup.icms.models.DataConnectivityTest" name="test_IssueAddComment_SuccessfullyAddsAComment_AndWritesItToTheDatabase" time="0.439"/>
  <testcase classname="com.fdmgroup.icms.models.DataConnectivityTest" name="test_ReadUser_WhenUsernameIsPassed_ReturnsProperUser" time="0.279"/>
  <testcase classname="com.fdmgroup.icms.models.DataConnectivityTest" name="test_CreateIssue_WritesPassedIssueToDatabase" time="0.053"/>
=======
  <testcase classname="com.fdmgroup.icms.models.DataConnectivityTest" name="test_IssueAddComment_SuccessfullyAddsAComment_AndWritesItToTheDatabase" time="1.621"/>
  <testcase classname="com.fdmgroup.icms.models.DataConnectivityTest" name="test_ReadUser_WhenUsernameIsPassed_ReturnsProperUser" time="0.194"/>
  <testcase classname="com.fdmgroup.icms.models.DataConnectivityTest" name="test_CreateIssue_WritesPassedIssueToDatabase" time="0.073"/>
>>>>>>> c74490b76f11e84cf7079b96b7e9f874ec3a65ba
</testsuite>